0.989803212054
0.963714130042
0.902042095634
0.80015547211
0.991655319097
0.962761487265
0.754263757448
0.890827100151
0.682471063682
0.895938108656
0.941203732151
0.970757041059
0.778119272867
0.975220191292
0.962416744518
0.966065704485
0.930980676514
0.859987713468
0.96507832412
0.84971382188
0.906713062263
0.92046887106
0.957173715553
0.939402065686
0.782633471303
0.847229882297
0.97734933079
0.954357259072
0.971521223464
0.839947105432
0.762924421782
0.974004479824
0.820849880418
0.971001219974
0.95718755439
0.964338909435
0.844663601794
0.955782304892
0.901341278428
0.0737830688638
0.963328444651
0.177714650541
0.587793028703
0.896322403327
0.828824535483
0.937489250342
0.829085602312
0.899114457633
0.856726336363
0.753936083301
0.984772626202
0.911488183909
0.958089662283
0.830784195333
0.886678803784
0.926039438255
0.912922325236
0.867039381114
0.908426235306
0.939656140418
0.733068293916
0.987563406338
0.816624129039
0.789411077648
0.979877190619
0.668249604775
0.689723222783
0.956789563969
0.922234786557
0.368339964486
0.851769640907
0.95299075622
0.883485952859
0.795940764115
0.897824491753
0.946468972956
0.966894275258
0.896770605859
0.989951451667
0.903729283795
0.9453598606
0.885033843297
0.962251381568
0.971835935279
0.720675858485
0.884175365387
0.86165016149
0.915282955081
0.79101397831
0.80323679748
0.865840396672
0.953253874544
0.831956554962
0.985603745724
0.932395992421
0.887646721037
0.893468780004
0.936198139627
0.909770615497
0.777509292586
0.949417456065
0.970292618945
0.707066108096
0.787971735496
0.893494918549
0.784307182507
0.84106812706
0.829335855775
0.953663702768
0.938156100992
0.934299827723
0.949574059737
0.950206041386
0.990017143217
0.894385609616
0.935289406787
0.821120484781
0.830700041333
0.919758153661
0.911692339013
0.968187640633
0.462557203333
0.907271946407
0.735309052021
0.915236536297
0.853207746301
0.818265029762
0.754590292871
0.981150003575
0.975927853868
0.965872117903
0.94020207577
0.974265532897
0.897662274062
0.89315105718
0.892571285651
0.898621648717
0.602023869943
0.864506397998
0.974393266462
0.90870317928
0.96900948985
0.664363259175
0.0662192934447
0.666511956714
0.983716790075
0.87204311938
0.806640733549
0.319325410378
0.97877857373
0.945762797339
0.763926284829
0.981979967038
0.968012312247
0.991574925507
0.972979217656
0.714715415843
0.801697135363
0.875398124712
0.972799988695
0.720335756084
0.88248693621
0.968773554277
0.718383757037
0.743552052628
0.775424639247
0.749892005841
0.984315135324
0.901669743791
0.909125979594
0.590133766269
0.944766113465
0.990047181245
0.899647375768
0.972118141992
0.847273579558
0.962022328432
0.957035705604
0.907655040933
0.850944394222
0.776448483747
0.836309851188
0.961685493782
0.968142861675
0.953961123081
0.949746557236
0.970625010111
0.965525989164
0.950575108998
0.75449706182
0.93168900295
0.840677705195
0.96568354672
0.858422983585
0.990654698294
0.199427673953
0.956399496349
0.914585531672
0.649747010712
0.943594104049
0.766088636112
0.976896807578
0.986750783984
0.962413278188
0.535296910234
0.947348567984
0.918101499374
0.89434465637
0.95160950488
0.970400998058
0.922578270018
0.981470893501
0.910561192287
0.940064761291
0.756051510495
0.167521971507
0.782358446948
0.855925894701
0.94506898399
0.921538504814
0.402531466749
0.70306474966
0.954997513575
0.952747292791
0.943153867277
0.954124916432
0.913687907086
0.895766319047
0.98129423283
0.779481335504
0.630822652974
0.623793561427
0.685188609109
0.67866736182
0.945546470933
0.950648658966
0.982239954174
0.944912022483
0.834399324256
0.962601032196
0.863369813309
0.833549319738
0.810598796783
0.944696719193
0.662203788506
0.931072175937
0.931137278513
0.817913912649
0.857909090741
0.990945518446
0.957169787176
0.928058357897
0.909032322557
0.941870255676
0.849402001302
0.923391189183
0.77917744288
0.878077444023
0.557989561752
0.874909512185
0.936603727709
0.964610316474
0.48885974455
0.94861560666
0.844676174699
0.871042127616
0.966438621225
0.908573128598
0.811369570838
0.903369483885
0.729416035438
0.979190653924
0.705079339663
0.908229593639
0.965361678125
0.898708084991
0.848638973674
0.906864603395
0.979638993201
0.99074379089
0.705553887143
0.97122082413
0.799993138232
0.901064041647
0.868139132185
0.930449053599
0.77313055816
0.968511226007
0.886545414205
0.846257893872
0.916905176867
0.945268511258
0.936278770891
0.753498121731
0.927443995183
0.725707819761
0.93797064796
0.958128455936
0.990402304426
0.945173174782
0.978539727466
0.688967252874
0.904495882579
0.930475993954
0.78113886218
0.957297594673
0.978992718262
0.92365920321
0.928715270273
0.716427080193
0.912320525615
0.974817255376
0.856888510739
0.92147294353
0.892524647891
0.970083524331
0.868100475491
0.988630192542
0.71668281383
0.876631734844
0.695076862222
0.982614223722
0.947037860325
0.981871014375
0.909373152412
0.894237537567
0.885161896025
0.966247087711
0.798441558199
0.925212593247
0.926573784857
0.884039190171
0.180572976263
0.83762920502
0.974068541562
0.936388532644
0.932799145678
0.984191452994
0.699382643484
0.9494609664
0.988431827094
0.89513013765
0.989486932838
0.956636367525
0.933358688169
0.955371860148
0.962613185757
0.914083175043
0.910903201466
0.945199711571
0.988770613532
0.990928982975
0.875582224926
0.973805543916
0.936920209462
0.976917652986
0.837512111367
0.983120475455
0.955411240499
0.84637807539
0.990309957112
0.815171758375
0.621521768613
0.950193045072
0.784605967166
0.879808421047
0.992189077519
0.346307359907
0.930088949716
0.965703374579
0.957564430869
0.966022179793
0.869203669028
0.851356841074
0.94624668087
0.899346004296
0.250733094552
0.95955709222
0.970949329607
0.972256230655
0.825494097021
0.886800406213
0.976402413058
0.938849301547
0.942241189158
0.89945992665
0.952084389898
0.954434170115
0.961310415702
0.973055823532
0.944706954024
0.953161344047
0.977134289704
0.972542970401
0.861439375467
0.850556866131
0.921040031995
0.595299343367
0.61288112984
0.95769968738
0.69302369361
0.873847459485
0.828489543477
0.931098892801
0.469779949582
0.922138601958
0.822267360882
0.177828979667
0.903623890505
0.886985108385
0.906848054573
0.942765161903
0.987475307614
0.969298540009
0.881012499752
0.76672053292
0.424558715186
0.793788675118
0.573923947685
0.97491462414
0.801242682982
0.980219311242
0.651944259554
0.988541866127
0.896665662427
0.122357584641
0.786235538085
0.63443436562
0.636673960047
0.982407843402
0.918076107577
0.974267506678
0.902522142696
0.72377893838
0.927228911158
0.235615872537
0.975408654854
0.86578662001
0.878640786344
0.950035038115
0.943840600474
0.927046719697
0.963062920555
0.816204522561
0.610752935423
0.940745840777
0.792491458043
0.638716978623
0.925606422647
0.861147908035
0.275681951323
0.880827133589
0.90097353159
0.804919898481
0.957636177511
0.92720612485
0.992113785323
0.947971999951
0.904461144351
0.948877487082
0.895993894813
0.942565110237
0.828360713071
0.946864190404
0.869242051102
0.850129074095
0.891763910472
0.905327866459
0.935593067085
0.959754815703
0.974145315068
0.922974609987
0.985740298001
0.88955917296
0.915841838168
0.99023455106
0.752137909919
0.978059882018
0.812844959351
0.854204405055
0.978576804173
0.594798663249
0.839380750008
0.902893160725
0.960126632808
0.942469372871
0.936173264489
0.882022375334
0.97333452591
0.905962410185
0.962263644301
0.951162305853
0.864713251038
0.959318183018
0.966750827246
0.931599386064
0.860281221155
0.953934224072
0.932781927523
0.934066503722
0.959930659788
0.967843291924
0.548921819236
0.888707826103
0.981808070024
0.57155784565
0.889013682366
0.855698690036
0.910704997532
0.608030758698
0.229231797041
0.909233869214
0.912467697971
0.954089102478
0.742365760657
0.880207579433
0.981218338037
0.975177452717
0.12619857569
0.94895108602
0.91577059148
0.712245350759
0.979895402247
0.933346436577
0.924883674627
0.922704393649
0.990327609984
0.934174967369
0.941121058164
0.933957592733
0.949922924121
0.119887173977
0.901335061507
0.937411319293
0.943325881286
0.816469461487
0.761857635486
0.877038507834
0.673161088899
0.680772320899
0.900809134351
0.862309312185
0.952999532463
0.980461556536
0.797884612989
0.889964131488
0.806433698716
0.915093586135
0.958824802799
0.87096031958
0.900216317851
0.95524693862
0.684944138339
0.716407611413
0.961327627477
0.895601213683
0.952310081639
0.670389663478
0.97563952012
0.235615872537
0.825991554186
0.788012541248
0.942754589423
0.916029691404
0.836191992151
0.961261879715
0.958441371648
0.764351512978
0.91483950283
0.956464775908
0.917319062975
0.821357711646
0.960194227565
0.952523566992
0.976229863834
0.924138042192
0.864659093193
0.92033397693
0.902778540088
0.892906956515
0.815124411805
0.972515857194
0.617876422893
0.832139147004
0.718725306351
0.971570073677
0.788810600613
0.952727773869
0.808144363147
0.792305056392
0.879668041894
0.814749582439
0.862798778136
0.918542107971
0.93219049849
0.932794210526
0.973557769041
0.976698611343
0.892478569856
0.799698369406
0.261787246294
0.956048197751
0.901081505936
0.829859106099
0.751697801896
0.943086321949
0.84539393568
0.967202386388
0.874263585152
0.8558124354
0.981328000455
0.977644190363
0.968310358972
0.907661639397
0.843169850105
0.891547192827
0.979602234559
0.940041297126
0.886012223313
0.975699653093
0.819076817655
0.560372960048
0.972220417716
0.957567608034
0.970677462283
0.975884560267
0.841968506299
0.887058074505
0.888605663776
0.893953898242
0.879184297241
0.945857167272
0.714458613889
0.931754687144
0.922409578762
0.989169520772
0.93357789387
0.953422032305
0.907626736187
0.838243676398
0.914483405032
0.907618701601
0.898582151788
0.896891500654
0.991015484418
0.859784233399
0.924540792155
0.913056489623
0.854414611413
0.789117166913
0.895254831718
0.714583510101
0.951080155259
0.887767416285
0.958514649169
0.774765677382
0.844841298366
0.873343130446
0.979445232562
0.936853208176
0.790416858369
0.172417612893
0.952484629282
0.936353850198
0.250733094552
0.74807415445
0.934659492473
0.767813699366
0.913827160777
0.40014559184
0.779784145096
0.973758535988
0.976519795793
0.769532995816
0.985311446194
0.900516951788
0.946736370915
0.959153090719
0.898467347098
0.900107503804
0.741703992924
0.842356358185
0.98006696225
0.893319575875
0.986827553835
0.976111067122
0.97463341636
0.98517084897
0.647168757352
0.847511685742
0.744210718421
0.968299996436
0.807778285986
0.872124341735
0.954848700031
0.852996097197
0.96237401773
0.737186653771
0.973584335908
0.838072877134
0.808418193539
0.945413169793
0.935119760792
0.774822030464
0.911684818022
0.959462306538
0.773736371701
0.778297483605
0.949344493616
0.945672082928
0.94173653447
0.968183759299
0.963405340088
0.959836712986
0.941643798288
0.57671809609
0.976004455679
0.889378152963
0.978227230412
0.926102699802
0.731667237248
0.835731052381
0.959533859916
0.942341312948
0.982960874281
0.819695863243
0.925438250008
0.69876882329
0.966381258902
0.90843273966
0.859594027207
0.97431165657
0.941813699441
0.901885842229
0.86115725725
0.971252478942
0.953534595295
0.926550809664
0.956800917283
0.946042176114
0.687270534159
0.854729427656
0.817375907121
0.96056215185
0.906812875408
0.530827375522
0.908082204237
0.960318469837
0.817639534771
0.956865622933
0.935703928873
0.932301824581
0.839709404445
0.0731720360365
0.85351304587
0.894219006808
0.61559091781
0.960685292772
0.903712237023
0.859200656453
0.675284859947
0.88608573689
0.789582671527
0.255006836738
0.131457821701
0.784903681611
0.839062405213
0.687650205123
0.922830004277
0.701411605549
0.885569232358
0.694686480322
0.978557794309
0.969670388935
0.860945841445
0.165234458822
0.925085090189
0.939598569113
0.930066991409
0.948142247391
0.987594331078
0.931658081103
0.975132843913
0.710259595998
0.827113775271
0.943274185127
0.905293399167
0.899988138141
0.668657666708
0.859167428
0.964208684706
0.937405696694
0.895033174457
0.752795332734
0.574356002943
0.945977866138
0.94695675145
0.980645926054
0.909502178445
0.948525782985
0.974685772184
0.764668826015
0.944199705807
0.849175820752
0.916513421605
0.928499446122
0.826981603718
0.937385881788
0.816822740144
0.70080015588
0.868733576227
0.972379024055
0.989355372831
0.918825595065
0.970899444737
0.78112540267
0.973308172894
0.970481304317
0.958026712264
0.985274915549
0.963668495544
0.729749238118
0.926790652308
0.647139983858
0.845116666111
0.95564010657
0.927854867927
0.906177998733
0.343242656157
0.857001474959
0.952045110132
0.905135418387
0.807492229866
0.973232264745
0.953682854028
0.97711402976
0.98003096049
0.975053530744
0.913090894756
0.981039315963
0.987547932339
0.804301630367
0.700671754674
0.956111950801
0.662231974771
0.808990805881
0.817206323192
0.968480260573
0.799439403409
0.987666274263
0.1020237018
0.950371640186
0.879296484596
0.929841794376
0.983122065611
0.983280182628
0.406765848128
0.990112253222
0.964540873687
0.847392781621
0.906841403939
0.723774059054
0.90047811149
0.795366892965
0.73165188569
0.958772585199
0.794077028479
0.953105098499
0.964693507968
0.964750986092
0.970012638363
0.959156750374
0.894867044095
0.921884803207
0.930693281759
0.80277523399
0.976624172435
0.976740478338
0.838403692497
0.98662377691
0.978353972044
0.974506849389
0.981698097409
0.615172674395
0.974508805146
0.274914367565
0.867627021556
0.77636109557
0.756283665988
0.712607380017
0.970253957886
0.937592726415
0.890325865934
0.977788534389
0.739396303605
0.830440936181
0.910854616627
0.939517652948
0.939493988381
0.968001855471
0.979794545742
0.235615872537
0.972500293731
0.804760490427
0.951565778526
0.149169769917
0.1020237018
0.193142001946
0.225355972196
0.87319684318
0.834755646882
0.156634807787
0.946932320174
0.106835799241
0.965021360411
0.561206793603
0.919226372486
0.885716377244
0.951891414042
0.913821003257
0.951446687342
0.147170963887
0.792512179226
0.897706385252
0.970531753807
0.314006367619
0.930469950724
0.815928148562
0.0782406249163
0.198935622907
0.960900217625
0.936027175908
0.783266756448
0.230785001014
0.983870947727
0.884046356711
0.92601091545
0.800641757458
0.119225177732
0.132711630773
0.962857515561
0.833304002833
0.306508471565
0.717041478173
0.886805258642
0.824096845705
0.392754916361
0.941110200954
0.660065807826
0.910066377334
0.985414540711
0.920862234022
0.848520571011
0.104488663128
0.903003501331
0.965622477804
0.836941421588
0.960832048972
0.665037719674
0.107641458235
0.91760195847
0.885341397405
0.966791276422
0.668549919047
0.974942320887
0.681156221041
0.972724313391
0.799093945528
0.403601584347
0.925752434637
0.967676603909
0.453674826319
0.984626951922
0.776666962174
0.955263730972
0.83775244121
0.0837226060856
0.968804773888
0.913495309685
0.978266411963
0.978432219786
0.968518674325
0.971809944394
0.920176158916
0.984165154784
0.519188428724
0.933945443454
0.930715058065
0.982778636937
0.764986662925
0.0564237180451
0.519239173163
0.399384197302
0.865454096768
0.956775602294
0.126974680122
0.841242707921
0.721419399551
0.29191666829
0.351107687647
0.243321834607
0.534780009466
0.878401050832
0.926019548424
0.717076490982
0.596813568705
0.503050748215
0.9694640712
0.814578496828
0.297617793602
0.259468843453
0.878069959454
0.235606653829
0.761194031934
0.9636803153
0.909357004772
0.329568047368
0.139305034275
0.680372046837
0.87644896845
0.576752809016
0.376110372035
0.954852831256
0.459463855818
0.891422707784
0.920707614425
0.126974680122
0.0683611504844
0.860063175206
0.918800407912
0.921714729196
0.949638899763
0.909921645349
0.209502294204
0.0711057989984
0.39786670929
0.113391247649
0.235615872537
0.291097609434
0.876005656534
0.0565010377448
0.332173468711
0.158015115922
0.926636452788
0.886319273356
0.85471782834
0.892224801948
0.101607445128
0.91781570969
0.902884758469
0.91946305461
0.622346720577
0.131457821701
0.978584197947
0.952564538989
0.250733094552
0.907732247776
0.974469103776
0.86315582071
0.779467802838
0.813113632197
0.731320165162
0.765665581589
0.766314192069
0.303503153491
0.841887018876
0.469200450574
0.900629695273
0.685091187078
0.964797034393
0.960191238894
0.902789599227
0.747065983366
0.93587215216
0.210817986453
0.933002927692
0.926006125454
0.939047481141
0.945481604196
0.934890864292
0.0782406249163
0.843403376459
0.850634678074
0.901922680232
0.974677067314
0.986211114718
0.787503626144
0.234914463246
0.884059273019
0.870838353839
0.0535497234986
0.123480058333
0.431920282895
0.819623981693
0.988877466216
0.981317331187
0.74373052211
0.696999376811
0.817011059779
0.38993432516
0.977905198057
0.495046263583
0.941418775764
0.937279392916
0.381236947457
0.959872221092
0.912728182684
0.959693864673
0.972466600265
0.885026729852
0.924209160956
0.0509789705498
0.409061074719
0.848477166726
0.959511251186
0.958491495632
0.969064734767
0.358098461676
0.921015472882
0.882881927144
0.313493121697
0.926390083415
0.606450645417
0.733561311711
0.223787265454
0.705059412536
0.965751461221
0.967833511255
0.920770426537
0.211146121611
0.937951000058
0.564928214803
0.829016683306
0.948898510533
0.250733094552
0.656570697037
0.139587927782
0.359667397738
0.678561304411
0.887747894191
0.957691112783
0.943755891512
0.37308504826
0.737528867513
0.105302968396
0.970362863299
0.926698954963
0.42286309652
0.724426269936
0.683252485621
0.96995346599
0.955704424139
0.986701272759
0.95795874715
0.420111329517
0.822772041559
0.930530492099
0.858895402161
0.978335737266
0.247474515799
0.806272475099
0.691035456884
0.718999141829
0.162375536622
0.979704031111
0.830191971367
0.851781739577
0.466681543634
0.288430654532
0.989253061435
0.956188065894
0.217347088962
0.979746138832
0.970727716208
0.131457821701
0.926247641744
0.948446828746
0.122357584641
0.988466579706
0.984061574555
0.940211637893
0.803256712047
0.132125989001
0.0599003452838
0.606363676392
0.773096010744
0.0987036243036
0.948264313081
0.577025437282
0.156634807787
0.944106531553
0.971958080806
0.92667066636
0.682853872639
0.906044722896
0.980057460095
0.270395627572
0.860333315859
0.97305912705
0.718367938042
0.962065438845
0.041096960643
0.936916077612
0.300220802034
0.965168594055
0.579686975196
0.126974680122
0.97154384463
0.836482147242
0.333570057786
0.824597439625
0.650033503506
0.252856668594
0.954546283691
0.969176529937
0.986341985774
0.877052096197
0.699409135681
0.55137169372
0.982500678799
0.883226193562
0.234113456617
0.262847210024
0.35077763293
0.940582982604
0.86829416138
0.895883823921
0.517669061711
0.944987599652
0.211146121611
0.528583233883
0.42440872425
0.693623719239
0.852986292252
0.131457821701
0.298694137067
0.0984306008171
0.529177181703
0.972412821651
0.848325321035
0.107988476944
0.969560600359
0.894693694154
0.893324182469
0.881144430052
0.250733094552
0.40160652405
0.131457821701
0.931882472426
0.780707563716
0.888645457324
0.786392836442
0.0599003452838
0.68066663134
0.291097609434
0.956827644868
0.206527498718
0.758188313799
0.972624133623
0.0910357556748
0.948995829656
0.118463091759
0.935801260973
0.936841616793
0.403520701406
0.879430057182
0.434253547134
0.0426962751128
0.944390045297
0.858026873836
0.962510169459
0.114025044646
0.0958438418272
0.723358460067
0.121980109892
0.941278669558
0.679330794451
0.465971405848
0.940447332849
0.475899104416
0.858983620642
0.269091480445
0.116771616944
0.902153298489
0.924714001049
0.0618399658272
0.46156733068
0.969844670243
0.987681603035
0.710885588972
0.926665915693
0.126974680122
0.955501458902
0.291257297129
0.0952150526326
0.941942858998
0.103092680928
0.674467188714
0.962920659615
0.791902874029
0.0737830688638
0.259201127608
0.32194612554
0.831798079933
0.96606983515
0.6124509218
0.322131807641
0.107988476944
0.972757700321
0.855865917147
0.374635799169
0.791611522954
0.133475978144
0.623201760328
0.831974170829
0.377458725636
0.327065197709
0.970792763733
0.972152249666
0.893448633897
0.355382188612
0.965942008476
0.952732089546
0.905613207154
0.501922851888
0.952141798209
0.138877310758
0.812078817669
0.262847210024
0.14830301831
0.112726952678
0.932640944343
0.957225300226
0.904533321103
0.952294744769
0.111529197637
0.108802574307
0.390490724547
0.788182024419
0.935217915987
0.702695714711
0.880393778418
0.95324017155
0.431971325648
0.768355899611
0.143340209369
0.950628318073
0.0839056521302
0.933385645489
0.964842071346
0.456661987398
0.216279182727
0.91861212674
0.0984306008171
0.177391226306
0.283709298765
0.834886530789
0.988520991908
0.889925652459
0.0473659354746
0.544937824898
0.235261050789
0.0705152499297
0.758002200078
0.657495099579
0.799899981362
0.935618152793
0.126974680122
0.0997017854317
0.459994525329
0.763607456994
0.409949689424
0.839788325605
0.240128705566
0.338431326857
0.973579270213
0.291097609434
0.250733094552
0.217041428923
0.197379004271
0.920309217212
0.867184468825
0.895420420915
0.823910230852
0.973900667971
0.929713560829
0.339049521372
0.441074504494
0.546088598901
0.243321834607
0.955658478944
0.673785986604
0.709414663397
0.882153335687
0.708894285877
0.937485153278
0.84246494061
0.960466538987
0.839550433853
0.665498687859
0.823555989134
0.222115915536
0.112049749877
0.916582748697
0.939903493492
0.23898304405
0.200765844906
0.800853457416
0.0737830688638
0.640945184777
0.976054051247
0.772785883623
0.183602267029
0.0543393894648
0.149750997112
0.949913603586
0.494665661645
0.273662513199
0.931266134575
0.162038380112
0.975914174666
0.562550233791
0.593200896272
0.274515032471
0.935365571336
0.843743953209
0.138877310758
0.976279004836
0.927291063827
0.931039863171
0.845928028249
0.988097095102
0.936708570656
0.122357584641
0.93218552189
0.177704670662
0.745904117246
0.876921475232
0.211146121611
0.887948170222
0.203600356278
0.194448239962
0.790709438125
0.705341097985
0.136427995296
0.141149319168
0.330178132007
0.1020237018
0.941949749581
0.625469545764
0.37160345197
0.498561596266
0.989368624931
0.912896890086
0.895248275837
0.928072487012
0.262847210024
0.776624591568
0.901937725078
0.953309950393
0.1020237018
0.219355609469
0.896782270275
0.857042848838
0.19216382384
0.923480212224
0.885963101883
0.790011988733
0.131457821701
0.367938043115
0.42688209506
0.977431883977
0.928747058965
0.732377059232
0.982981950318
0.866780202728
0.683147235012
0.947520742502
0.666403859411
0.73001637276
0.411218862651
0.443418620573
0.436788814567
0.974227439435
0.113046494107
0.927528678296
0.426731892003
0.059701865844
0.778035396969
0.926876037843
0.628568032286
0.107988476944
0.590865531116
0.97524513037
0.97125599703
0.80991125824
0.970984824406
0.608451823744
0.847077011944
0.563824160405
0.416677952911
0.507926683252
0.908685619706
0.979867599857
0.824956624099
0.854669036589
0.943240442627
0.978380621121
0.659669201631
0.851940633452
0.821049047191
0.138877310758
0.726352340006
0.968865503219
0.408268251376
0.0710386896988
0.574663794328
0.122357584641
0.942633236513
0.667188178716
0.683126491972
0.867892758423
0.98835582617
0.131457821701
0.0782406249163
0.731668989228
0.970488300835
0.0683611504844
0.850102107064
0.479715900642
0.330705535432
0.964004899016
0.122357584641
0.299284222653
0.569898852677
0.358721015575
0.654007007245
0.457482444855
0.156634807787
0.875874081163
0.793491769901
0.42205149858
0.516235180887
0.262650466576
0.194448239962
0.863881908509
0.950118851716
0.869746881824
0.144747968108
0.514234241215
0.981493777828
0.545193728482
0.771083635167
0.697208567915
0.818714614742
0.778644345522
0.138877310758
0.968222522546
0.967372797446
0.235615872537
0.434971168587
0.175494875609
0.235615872537
0.810353492872
0.944895664228
0.274427924558
0.83337070533
0.088321198801
0.968572508264
0.904550327219
0.886936352705
0.509235115573
0.919332104456
0.940112226813
0.203767743103
0.946622980965
0.976140410166
0.142868424866
0.92558439048
0.868445824952
0.899619613487
0.692920230583
0.134205045009
0.834709066769
0.915754265195
0.328048013934
0.150674909126
0.429848418532
0.815390555541
0.901781323318
0.914867779615
0.346869217402
0.868150101586
0.954488897699
0.371882785985
0.74523456997
0.967428381285
0.852163389633
0.471769609299
0.989266439526
0.979300108996
0.0941464187718
0.974446104951
0.241984810373
0.903695097484
0.437762593385
0.681050599035
0.981319087983
0.774985323817
0.662485384963
0.198031176874
0.403769119517
0.815757523285
0.0737830688638
0.947787895773
0.891186344519
0.49881959399
0.784273862157
0.200765844906
0.825726754705
0.892355024795
0.931152938799
0.677220836885
0.0556055434437
0.22850614939
0.894242109216
0.97501062319
0.746216493983
0.156634807787
0.936927656248
0.652229917052
0.243321834607
0.456873014302
0.588786610104
0.696733394295
0.811693792754
0.459206429285
0.138877310758
0.940741943664
0.966561013831
0.736493360769
0.213133721757
0.466564629534
0.180358673024
0.305487384113
0.204048225232
0.883064521505
0.878266496068
0.628144680054
0.989587041202
0.51300954031
0.664967832911
0.0586631383745
0.107988476944
0.551314795528
0.913190761962
0.90092158314
0.78266697481
0.989272618855
0.262847210024
0.172077742491
0.906919221278
0.926269493186
0.152242832769
0.927410114162
0.131457821701
0.158015115922
0.945488099085
0.9497233427
0.900489403463
0.806660386526
0.972365500843
0.677873128153
0.789791788955
0.298698342543
0.116771616944
0.869546564086
0.875729755904
0.85585409544
0.191643017759
0.950634231837
0.493897950394
0.948427615724
0.430538540866
0.908258990167
0.734612589067
0.386301483251
0.759956601823
0.830618158552
0.243321834607
0.144747968108
0.92345738716
0.925354411235
0.0711057989984
0.860150782473
0.84619461479
0.915005306808
0.770194870373
0.907450131883
0.105078596908
0.149750997112
0.950183027975
0.262847210024
0.396035071526
0.866576022412
0.233028673039
0.549367488517
0.0988095951412
0.973329413622
0.877030968419
0.401665973599
0.250733094552
0.888906603785
0.462462134192
0.906996835608
0.457634831153
0.794365827925
0.126974680122
0.278328195789
0.916165513583
0.811834985653
0.631665294607
0.337304267708
0.946256645172
0.126974680122
0.17281177207
0.0800533272058
0.912394208275
0.50429857391
0.64495777909
0.156634807787
0.897737387272
0.935810157898
0.935304188432
0.910468661575
0.979937121065
0.930444529343
0.049196694632
0.243321834607
0.950178491732
0.0908026893223
0.363813300391
0.122357584641
0.940752864494
0.166805879788
0.049085311445
0.138877310758
0.624215496849
0.492078966258
0.130387892545
0.188903949386
0.874673669728
0.532373646858
0.0808931566773
0.249460537909
0.918330077909
0.840116304925
0.98266614684
0.987287294345
0.915142278337
0.149750997112
0.879821745253
0.134873648626
0.291097609434
0.538499763758
0.930457207625
0.177714650541
0.983142945687
0.958108942626
0.805147930765
0.0993529218441
0.935947677788
0.94644432972
0.30601401737
0.959498131687
0.921410640828
0.947626050914
0.158085041372
0.769901292559
0.893439510891
0.394048135743
0.827641747951
0.610153440812
0.250733094552
0.0921073167538
0.89086925047
0.765212955828
0.984341188413
0.910150847652
0.138877310758
0.590438284124
0.183245231136
0.131457821701
0.953669270672
0.939565523896
0.8292670169
0.250639884962
0.873026583321
0.222696719975
0.826951319465
0.90967734801
0.841410796371
0.425184053442
0.881408198376
0.227828601892
0.745569056201
0.466834357399
0.649344761107
0.0984306008171
0.801724174733
0.118112826302
0.12415566196
0.291097609434
0.80861312914
0.138877310758
0.176052270691
0.734956061247
0.967531130076
0.543132594581
0.126312420591
0.900471846183
0.366193758132
0.833417587334
0.931061538647
0.344885040454
0.944218287813
0.250733094552
0.922794148049
0.790917732272
0.250733094552
0.158015115922
0.482124234239
0.138877310758
0.80239106596
0.200765844906
0.0711057989984
0.734267943005
0.0782406249163
0.955351122051
0.342485984461
0.588098071797
0.211146121611
0.966479437045
0.48055417103
0.735315801542
0.243321834607
0.156634807787
0.548484242313
0.326218981678
0.962111364622
0.82556327043
0.865014899267
0.958495308039
0.810105031495
0.625883403977
0.453847329618
0.776973320781
0.929079091866
0.762947212286
0.0518891372307
0.156634807787
0.575134859527
0.953738440254
0.837800381693
0.703327543689
0.961668434931
0.929384272573
0.291097609434
0.549815538625
0.967122321053
0.947144083667
0.394214326527
0.250733094552
0.565370170796
0.83063164034
0.931679576521
0.756224133152
0.913163991645
0.97545278134
0.0711057989984
0.962462261579
0.954907079757
0.913662674411
0.235420845669
0.901026916528
0.934716641864
0.847448829685
0.262847210024
0.321230550301
0.848865816011
0.963264347651
0.412150695611
0.685215789169
0.801443126467
0.0890465825345
0.385647402823
0.610807617127
0.959819999026
0.599704976298
0.326339063829
0.694973786618
0.312141219687
0.841084970217
0.907527705877
0.964938913349
0.30415471024
0.123480058333
0.964050737984
0.0868305168543
0.884219750079
0.101034799006
0.469047543666
0.291097609434
0.224201610022
0.200765844906
0.981141007775
0.262847210024
0.110708472164
0.959885224482
0.148172714739
0.376287410695
0.823080938188
0.0888289068939
0.126974680122
0.984212520422
0.887772232508
0.878795621053
0.766630484958
0.126974680122
0.894356562615
0.194278628049
0.979495209011
0.535011463605
0.886691464442
0.461505853673
0.771901772757
0.825308650281
0.899760995042
0.1020237018
0.112488751562
0.131457821701
0.147596640337
0.368402220574
0.605723943084
0.961423465416
0.243321834607
0.0984306008171
0.329081798212
0.91438838792
0.826764259108
0.747732346797
0.764578229252
0.951118196161
0.427706401345
0.0890465825345
0.108885066809
0.185545840378
0.138877310758
0.0984306008171
0.0637975759061
0.943706823791
0.526178621026
0.694953472093
0.914111679382
0.894338050245
0.291097609434
0.153928293515
0.25819798446
0.941338600026
0.956591345074
0.892120445484
0.156634807787
0.177714650541
0.18928437862
0.87226972029
0.269969977702
0.138902854542
0.216177747858
0.243321834607
0.816841593211
0.243321834607
0.955761748693
0.434304654819
0.728106438353
0.287515744051
0.418971546489
0.126974680122
0.380954848638
0.990858349596
0.131457821701
0.975366233118
0.961063250796
0.290414706137
0.921564006316
0.280321999476
0.156634807787
0.88553738701
0.262847210024
0.970210107857
0.697372437343
0.112724320132
0.0564237180451
0.430245327416
0.527015840925
0.211146121611
0.963340370828
0.592466169014
0.813662873433
0.931067689212
0.988210280202
0.149750997112
0.291097609434
0.262847210024
0.766945664916
0.200765844906
0.157028629905
0.4839414811
0.929828944833
0.385505607045
0.394560413011
0.200592094543
0.604140584836
0.941282533576
0.952671033526
0.884553661364
0.939279377073
0.156634807787
0.158015115922
0.95508852974
0.906436464332
0.0673822379051
0.337897822793
0.924038088914
0.893828046727
0.846653496547
0.0984306008171
0.195085044801
0.194448239962
0.919916518877
0.166253782825
0.945568785642
0.200765844906
0.889598668204
0.156634807787
0.211146121611
0.107988476944
0.881878423884
0.186324391323
0.838256669428
0.850716842969
0.952580475325
0.843569602639
0.209742364763
0.262847210024
0.970517353595
0.139587927782
0.147817717927
0.250733094552
0.291097609434
0.862009715087
0.912421193145
0.907880141404
0.972804488951
0.828144740872
0.262189079511
0.821668539064
0.243321834607
0.987408081735
0.1020237018
0.138877310758
0.0543393894648
0.933245837929
0.194448239962
0.978113151512
0.194448239962
0.282928094834
0.138877310758
0.131457821701
0.262847210024
0.0943871766107
0.813167229283
0.853377365474
0.958874484169
0.967888477995
0.664643967099
0.44759301675
0.215307463477
0.194448239962
0.977577567355
0.112724320132
0.965202696021
0.964467156777
0.919941389991
0.672340664653
0.966189409476
0.359905108259
0.492670808043
0.167189801841
0.94613230776
0.949174462125
0.447003701491
0.262847210024
0.774787665592
0.0890465825345
0.126974680122
0.144747968108
0.243321834607
0.144747968108
0.0890465825345
0.874094551093
0.116528701238
0.177714650541
0.128192041196
0.243321834607
0.919201298753
0.459842019477
0.291097609434
0.820145288186
0.898590884489
0.939828502758
0.126974680122
0.291097609434
0.107988476944
0.818452196182
0.156634807787
Accuracy:  0.954352941176
